#
# There is insufficient memory for the Java Runtime Environment to continue.
# Native memory allocation (mmap) failed to map 268435456 bytes. Error detail: G1 virtual space
# Possible reasons:
#   The system is out of physical RAM or swap space
#   This process is running with CompressedOops enabled, and the Java Heap may be blocking the growth of the native heap
# Possible solutions:
#   Reduce memory load on the system
#   Increase physical memory or swap space
#   Check if swap backing store is full
#   Decrease Java heap size (-Xmx/-Xms)
#   Decrease number of Java threads
#   Decrease Java thread stack sizes (-Xss)
#   Set larger code cache with -XX:ReservedCodeCacheSize=
#   JVM is running with Zero Based Compressed Oops mode in which the Java heap is
#     placed in the first 32GB address space. The Java Heap base address is the
#     maximum limit for the native heap growth. Please use -XX:HeapBaseMinAddress
#     to set the Java Heap base and to place the Java Heap above 32GB virtual address.
# This output file may be truncated or incomplete.
#
#  Out of Memory Error (os_windows.cpp:3554), pid=21144, tid=13152
#
# JRE version:  (25.0.1+8) (build )
# Java VM: OpenJDK 64-Bit Server VM (25.0.1+8-LTS, mixed mode, sharing, tiered, compressed oops, compressed class ptrs, g1 gc, windows-amd64)
# No core dump will be written. Minidumps are not enabled by default on client versions of Windows
#

---------------  S U M M A R Y ------------

Command Line: -Dclassworlds.conf=C:\Program Files\Apache NetBeans\java\maven\bin\m2.conf -Dmaven.home=C:\Program Files\Apache NetBeans\java\maven -Dlibrary.jansi.path=C:\Program Files\Apache NetBeans\java\maven\lib\jansi-native -Dmaven.multiModuleProjectDirectory=C:\Users\DELL\Desktop\Trabalhos\2Semestre\LaboratorioPrograma誽o\LP_Trabalho2\LP_Trabalho2 org.codehaus.plexus.classworlds.launcher.Launcher -Dexec.vmArgs= -Dexec.args=${exec.vmArgs} -classpath %classpath ${exec.mainClass} ${exec.appArgs} -Dexec.appArgs= -Dexec.mainClass=estga.lp.lp_trabalho2.LP_Trabalho2 -Dexec.executable=C:\Program Files\Apache NetBeans\jdk\bin\java.exe -Dmaven.ext.class.path=C:\Program Files\Apache NetBeans\java\maven-nblib\netbeans-eventspy.jar --no-transfer-progress process-classes org.codehaus.mojo:exec-maven-plugin:3.5.1:exec

Host: Intel(R) Core(TM) i5-7300U CPU @ 2.60GHz, 4 cores, 15G,  Windows 11 , 64 bit Build 22621 (10.0.22621.3958)
Time: Mon Apr 13 16:24:28 2026 Hora de Ver緌 de GMT elapsed time: 0.066154 seconds (0d 0h 0m 0s)

---------------  T H R E A D  ---------------

Current thread (0x000001bf020a18b0):  JavaThread "Unknown thread" [_thread_in_vm, id=13152, stack(0x00000040e3f00000,0x00000040e4000000) (1024K)]

Stack: [0x00000040e3f00000,0x00000040e4000000]
Native frames: (J=compiled Java code, j=interpreted, Vv=VM code, C=native code)
V  [jvm.dll+0x7a8379]  (no source info available)
V  [jvm.dll+0x7729fd]  (no source info available)
V  [jvm.dll+0x9f57b3]  (no source info available)
V  [jvm.dll+0x9f7da1]  (no source info available)
V  [jvm.dll+0x9f84a3]  (no source info available)
V  [jvm.dll+0x2fcd26]  (no source info available)
V  [jvm.dll+0x7a45a5]  (no source info available)
V  [jvm.dll+0x797a07]  (no source info available)
V  [jvm.dll+0x3f4cb8]  (no source info available)
V  [jvm.dll+0x3fcbf6]  (no source info available)
V  [jvm.dll+0x3e938e]  (no source info available)
V  [jvm.dll+0x3e9648]  (no source info available)
V  [jvm.dll+0x3c0b15]  (no source info available)
V  [jvm.dll+0x3c179e]  (no source info available)
V  [jvm.dll+0x9bbc74]  (no source info available)
V  [jvm.dll+0x459892]  (no source info available)
V  [jvm.dll+0x99faa2]  (no source info available)
V  [jvm.dll+0x4fa061]  (no source info available)
V  [jvm.dll+0x4fb951]  (no source info available)
C  [jli.dll+0x53fa]  (no source info available)
C  [ucrtbase.dll+0x29333]  (no source info available)
C  [KERNEL32.DLL+0x1257d]  (no source info available)
C  [ntdll.dll+0x5af08]  (no source info available)

Lock stack of current Java thread (top to bottom):


---------------  P R O C E S S  ---------------

Threads class SMR info:
_java_thread_list=0x00007ffb9e4edf88, length=0, elements={
}

Java Threads: ( => current thread )
Total: 0

Other Threads:
  0x000001bf04429fb0 WorkerThread "GC Thread#0"                     [id=14204, stack(0x00000040e4000000,0x00000040e4100000) (1024K)]
  0x000001bf04443df0 ConcurrentGCThread "G1 Main Marker"            [id=6280, stack(0x00000040e4100000,0x00000040e4200000) (1024K)]
  0x000001bf04444990 WorkerThread "G1 Conc#0"                       [id=22268, stack(0x00000040e4200000,0x00000040e4300000) (1024K)]

[error occurred during error reporting (printing all threads), id 0xc0000005, EXCEPTION_ACCESS_VIOLATION (0xc0000005) at pc=0x00007ffb9db1538a]
VM state: not at safepoint (not fully initialized)

VM Mutex/Monitor currently owned by a thread:  ([mutex/lock_event])
[0x00007ffb9e5764e8] Heap_lock - owner thread: 0x000001bf020a18b0

Heap address: 0x0000000701c00000, size: 4068 MB, Compressed Oops mode: Zero based, Oop shift amount: 3

CDS archive(s) mapped at: [0x0000000000000000-0x0000000000000000-0x0000000000000000), size 0, SharedBaseAddress: 0x0000000800000000, ArchiveRelocationMode: 1.
UseCompressedClassPointers 1, UseCompactObjectHeaders 0
Narrow klass pointer bits 32, Max shift 3
Narrow klass base: 0xffffffffffffffff, Narrow klass shift: -1
Encoding Range: [0xffffffffffffffff - 0x000000007fffffff), (2147483648 bytes)
Klass Range:    [0x0000000000000000 - 0x0000000000000000), (0 bytes)
Klass ID Range:  [4294967295 - 0) (1)
No protection zone.

GC Precious Log:
 CardTable entry size: 512
 Card Set container configuration: InlinePtr #cards 4 size 8 Array Of Cards #cards 16 size 48 Howl #buckets 8 coarsen threshold 3686 Howl Bitmap #cards 512 size 80 coarsen threshold 460 Card regions per heap region 1 cards per card region 4096

Heap:
 garbage-first heap   total reserved 4165632K, committed 0K, used 0K [0x0000000701c00000, 0x0000000800000000)
  region size 2048K, 0 young (0K), 0 survivors (0K)

Heap Regions: E=young(eden), S=young(survivor), O=old, HS=humongous(starts), HC=humongous(continues), CS=collection set, F=free, TAMS=top-at-mark-start, PB=parsable bottom

Card table byte_map: [0x000001bf1c6b0000,0x000001bf1ceb0000] _byte_map_base: 0x000001bf18ea2000

Marking Bits: (CMBitMap*) 0x000001bf0442a740
 Bits: [0x000001bf1ceb0000, 0x000001bf20e40000)

GC Heap Usage History (0 events):
No events

Metaspace Usage History (0 events):
No events

Dll operation events (1 events):
Event: 0.025 Loaded shared library C:\Program Files\Apache NetBeans\jdk\bin\java.dll

Deoptimization events (0 events):
No events

Classes loaded (0 events):
No events

Classes unloaded (0 events):
No events

Classes redefined (0 events):
No events

Internal exceptions (0 events):
No events

VM Operations (0 events):
No events

Memory protections (0 events):
No events

Nmethod flushes (0 events):
No events

Events (0 events):
No events


Dynamic libraries:
0x00007ff717ff0000 - 0x00007ff717ffe000 	C:\Program Files\Apache NetBeans\jdk\bin\java.exe
0x00007ffc1ff30000 - 0x00007ffc20147000 	C:\Windows\SYSTEM32\ntdll.dll
0x00007ffc1efc0000 - 0x00007ffc1f084000 	C:\Windows\System32\KERNEL32.DLL
0x00007ffc1d5d0000 - 0x00007ffc1d987000 	C:\Windows\System32\KERNELBASE.dll
0x00007ffc1d4b0000 - 0x00007ffc1d5c1000 	C:\Windows\System32\ucrtbase.dll
0x00007ffbefa30000 - 0x00007ffbefa46000 	C:\Program Files\Apache NetBeans\jdk\bin\jli.dll
0x00007ffc1f300000 - 0x00007ffc1f4af000 	C:\Windows\System32\USER32.dll
0x00007ffc1d240000 - 0x00007ffc1d266000 	C:\Windows\System32\win32u.dll
0x00007ffc1e960000 - 0x00007ffc1e989000 	C:\Windows\System32\GDI32.dll
0x00007ffc1dac0000 - 0x00007ffc1dbd8000 	C:\Windows\System32\gdi32full.dll
0x00007ffc1d270000 - 0x00007ffc1d30a000 	C:\Windows\System32\msvcp_win.dll
0x00007ffbfdbc0000 - 0x00007ffbfdbde000 	C:\Program Files\Apache NetBeans\jdk\bin\VCRUNTIME140.dll
0x00007ffc0aad0000 - 0x00007ffc0ad63000 	C:\Windows\WinSxS\amd64_microsoft.windows.common-controls_6595b64144ccf1df_6.0.22621.3672_none_2713b9d173822955\COMCTL32.dll
0x00007ffc1ef10000 - 0x00007ffc1efb7000 	C:\Windows\System32\msvcrt.dll
0x00007ffc1eab0000 - 0x00007ffc1eae1000 	C:\Windows\System32\IMM32.DLL
0x00007ffc08b40000 - 0x00007ffc08b4c000 	C:\Program Files\Apache NetBeans\jdk\bin\vcruntime140_1.dll
0x00007ffbe01a0000 - 0x00007ffbe022d000 	C:\Program Files\Apache NetBeans\jdk\bin\msvcp140.dll
0x00007ffb9d740000 - 0x00007ffb9e666000 	C:\Program Files\Apache NetBeans\jdk\bin\server\jvm.dll
0x00007ffc1eaf0000 - 0x00007ffc1eba2000 	C:\Windows\System32\ADVAPI32.dll
0x00007ffc1ec40000 - 0x00007ffc1ece8000 	C:\Windows\System32\sechost.dll
0x00007ffc1d310000 - 0x00007ffc1d338000 	C:\Windows\System32\bcrypt.dll
0x00007ffc1e990000 - 0x00007ffc1eaa4000 	C:\Windows\System32\RPCRT4.dll
0x00007ffc1e1f0000 - 0x00007ffc1e261000 	C:\Windows\System32\WS2_32.dll
0x00007ffc1d110000 - 0x00007ffc1d15d000 	C:\Windows\SYSTEM32\POWRPROF.dll
0x00007ffc165a0000 - 0x00007ffc165d4000 	C:\Windows\SYSTEM32\WINMM.dll
0x00007ffc1ae10000 - 0x00007ffc1ae1a000 	C:\Windows\SYSTEM32\VERSION.dll
0x00007ffc1d0f0000 - 0x00007ffc1d103000 	C:\Windows\SYSTEM32\UMPDC.dll
0x00007ffc1c250000 - 0x00007ffc1c268000 	C:\Windows\SYSTEM32\kernel.appcore.dll
0x00007ffc06720000 - 0x00007ffc0672a000 	C:\Program Files\Apache NetBeans\jdk\bin\jimage.dll
0x00007ffc12b70000 - 0x00007ffc12da2000 	C:\Windows\SYSTEM32\DBGHELP.DLL
0x00007ffc1ddc0000 - 0x00007ffc1e14e000 	C:\Windows\System32\combase.dll
0x00007ffc1fda0000 - 0x00007ffc1fe77000 	C:\Windows\System32\OLEAUT32.dll
0x00007ffb902d0000 - 0x00007ffb90302000 	C:\Windows\SYSTEM32\dbgcore.DLL
0x00007ffc1dbe0000 - 0x00007ffc1dc5b000 	C:\Windows\System32\bcryptPrimitives.dll
0x00007ffbf9690000 - 0x00007ffbf96ae000 	C:\Program Files\Apache NetBeans\jdk\bin\java.dll
0x00007ffc1ed10000 - 0x00007ffc1eeb5000 	C:\Windows\System32\ole32.dll
0x00007ffc1f4b0000 - 0x00007ffc1fd19000 	C:\Windows\System32\SHELL32.dll

JVMTI agents: none

dbghelp: loaded successfully - version: 4.0.5 - missing functions: none
symbol engine: initialized successfully - sym options: 0x614 - pdb path: .;C:\Program Files\Apache NetBeans\jdk\bin;C:\Windows\SYSTEM32;C:\Windows\WinSxS\amd64_microsoft.windows.common-controls_6595b64144ccf1df_6.0.22621.3672_none_2713b9d173822955;C:\Program Files\Apache NetBeans\jdk\bin\server

VM Arguments:
jvm_args: -Dclassworlds.conf=C:\Program Files\Apache NetBeans\java\maven\bin\m2.conf -Dmaven.home=C:\Program Files\Apache NetBeans\java\maven -Dlibrary.jansi.path=C:\Program Files\Apache NetBeans\java\maven\lib\jansi-native -Dmaven.multiModuleProjectDirectory=C:\Users\DELL\Desktop\Trabalhos\2Semestre\LaboratorioPrograma誽o\LP_Trabalho2\LP_Trabalho2 
java_command: org.codehaus.plexus.classworlds.launcher.Launcher -Dexec.vmArgs= -Dexec.args=${exec.vmArgs} -classpath %classpath ${exec.mainClass} ${exec.appArgs} -Dexec.appArgs= -Dexec.mainClass=estga.lp.lp_trabalho2.LP_Trabalho2 -Dexec.executable=C:\Program Files\Apache NetBeans\jdk\bin\java.exe -Dmaven.ext.class.path=C:\Program Files\Apache NetBeans\java\maven-nblib\netbeans-eventspy.jar --no-transfer-progress process-classes org.codehaus.mojo:exec-maven-plugin:3.5.1:exec
java_class_path (initial): C:\Program Files\Apache NetBeans\java\maven\boot\plexus-classworlds-2.9.0.jar
Launcher Type: SUN_STANDARD

[Global flags]
     intx CICompilerCount                          = 3                                         {product} {ergonomic}
     uint ConcGCThreads                            = 1                                         {product} {ergonomic}
     uint G1ConcRefinementThreads                  = 4                                         {product} {ergonomic}
   size_t G1HeapRegionSize                         = 2097152                                   {product} {ergonomic}
   size_t InitialHeapSize                          = 268435456                                 {product} {ergonomic}
   size_t MarkStackSize                            = 4194304                                   {product} {ergonomic}
   size_t MarkStackSizeMax                         = 536870912                                 {product} {ergonomic}
   size_t MaxHeapSize                              = 4265607168                                {product} {ergonomic}
   size_t MinHeapDeltaBytes                        = 2097152                                   {product} {ergonomic}
   size_t MinHeapSize                              = 8388608                                   {product} {ergonomic}
    uintx NonNMethodCodeHeapSize                   = 5832704                                {pd product} {ergonomic}
    uintx NonProfiledCodeHeapSize                  = 122945536                              {pd product} {ergonomic}
     bool PerfDisableSharedMem                     = true                                      {product} {ergonomic}
    uintx ProfiledCodeHeapSize                     = 122880000                              {pd product} {ergonomic}
    uintx ReservedCodeCacheSize                    = 251658240                              {pd product} {ergonomic}
     bool SegmentedCodeCache                       = true                                      {product} {ergonomic}
   size_t SoftMaxHeapSize                          = 4265607168                             {manageable} {ergonomic}
     bool UseCompressedOops                        = true                           {product lp64_product} {ergonomic}
     bool UseG1GC                                  = true                                      {product} {ergonomic}
     bool UseLargePagesIndividualAllocation        = false                                  {pd product} {ergonomic}

Logging:
Log output configuration:
 #0: stdout all=warning uptime,level,tags foldmultilines=false
 #1: stderr all=off uptime,level,tags foldmultilines=false

Release file:
<release file has not been read>
Environment Variables:
JAVA_HOME=C:\Program Files\Apache NetBeans\jdk
PATH=C:\Program Files\Common Files\Oracle\Java\javapath;C:\Program Files (x86)\Common Files\Oracle\Java\java8path;C:\Program Files (x86)\Common Files\Oracle\Java\javapath;C:\Program Files\Eclipse Adoptium\jre-8.0.462.8-hotspot\bin;C:\Program Files\Eclipse Adoptium\jre-11.0.28.6-hotspot\bin;C:\Program Files\Eclipse Adoptium\jre-21.0.8.9-hotspot\bin;C:\Program Files\Eclipse Adoptium\jre-17.0.16.8-hotspot\bin;C:\Program Files (x86)\Eclipse Adoptium\jre-8.0.422.5-hotspot\bin;C:\Windows\system32;C:\Windows;C:\Windows\System32\Wbem;C:\Windows\System32\WindowsPowerShell\v1.0\;C:\Windows\System32\OpenSSH\;C:\Program Files (x86)\dotnet\;C:\Program Files\dotnet\;C:\mingw32\bin;C:\Program Files\Git\cmd;C:\Program Files\Tailscale\;C:\Program Files\WindowsPowerShell\Scripts;C:\Program Files\glzr.io\Zebar\;%MAVEN_HOME%\bin;;C:\ProgramData\chocolatey\bin;C:\Users\DELL\AppData\Local\Microsoft\WindowsApps;C:\Users\DELL\AppData\Local\Programs\Microsoft VS Code\bin;C:\msys64\mingw64\bin;C:\msys64\mingw64\;
USERNAME=DELL
OS=Windows_NT
PROCESSOR_IDENTIFIER=Intel64 Family 6 Model 142 Stepping 9, GenuineIntel
TMP=C:\Users\DELL\AppData\Local\Temp
TEMP=C:\Users\DELL\AppData\Local\Temp




Compilation memory statistics disabled.

Periodic native trim disabled

---------------  S Y S T E M  ---------------

OS:
 Windows 11 , 64 bit Build 22621 (10.0.22621.3958)
OS uptime: 6 days 23:21 hours
Hyper-V role detected

CPU: total 4 (initial active 4) (2 cores per cpu, 2 threads per core) family 6 model 142 stepping 9 microcode 0xf6, cx8, cmov, fxsr, ht, mmx, 3dnowpref, sse, sse2, sse3, ssse3, sse4.1, sse4.2, popcnt, lzcnt, tsc, tscinvbit, avx, avx2, aes, erms, clmul, bmi1, bmi2, rtm, adx, fma, vzeroupper, clflush, clflushopt, hv, rdtscp, f16c
Processor Information for the first 4 processors :
  Max Mhz: 2712, Current Mhz: 2611, Mhz Limit: 2603

Memory: 4k page, system-wide physical 16265M (381M free)
TotalPageFile size 16265M (AvailPageFile size 4M)
current process WorkingSet (physical memory assigned to process): 12M, peak: 12M
current process commit charge ("private bytes"): 52M, peak: 308M

vm_info: OpenJDK 64-Bit Server VM (25.0.1+8-LTS) for windows-amd64 JRE (25.0.1+8-LTS), built on 2025-10-21T00:00:00Z with unknown MS VC++:1942

END.
