#
# There is insufficient memory for the Java Runtime Environment to continue.
# Native memory allocation (malloc) failed to allocate 32752 bytes. Error detail: Chunk::new
# Possible reasons:
#   The system is out of physical RAM or swap space
#   This process is running with CompressedOops enabled, and the Java Heap may be blocking the growth of the native heap
# Possible solutions:
#   Reduce memory load on the system
#   Increase physical memory or swap space
#   Check if swap backing store is full
#   Decrease Java heap size (-Xmx/-Xms)
#   Decrease number of Java threads
#   Decrease Java thread stack sizes (-Xss)
#   Set larger code cache with -XX:ReservedCodeCacheSize=
#   JVM is running with Zero Based Compressed Oops mode in which the Java heap is
#     placed in the first 32GB address space. The Java Heap base address is the
#     maximum limit for the native heap growth. Please use -XX:HeapBaseMinAddress
#     to set the Java Heap base and to place the Java Heap above 32GB virtual address.
# This output file may be truncated or incomplete.
#
#  Out of Memory Error (arena.cpp:186), pid=9564, tid=15968
#
# JRE version: OpenJDK Runtime Environment Temurin-25.0.1+8 (25.0.1+8) (build 25.0.1+8-LTS)
# Java VM: OpenJDK 64-Bit Server VM Temurin-25.0.1+8 (25.0.1+8-LTS, mixed mode, sharing, tiered, compressed oops, compressed class ptrs, g1 gc, windows-amd64)
# No core dump will be written. Minidumps are not enabled by default on client versions of Windows
#

---------------  S U M M A R Y ------------

Command Line: estga.lp.lp_trabalho2.LP_Trabalho2

Host: Intel(R) Core(TM) i5-7300U CPU @ 2.60GHz, 4 cores, 15G,  Windows 11 , 64 bit Build 22621 (10.0.22621.3958)
Time: Mon Apr 13 16:24:36 2026 Hora de Ver緌 de GMT elapsed time: 0.182575 seconds (0d 0h 0m 0s)

---------------  T H R E A D  ---------------

Current thread (0x000002147fa5de80):  JavaThread "C1 CompilerThread0" daemon [_thread_in_native, id=15968, stack(0x0000004123a00000,0x0000004123b00000) (1024K)]


Current CompileTask:
C1:182  114       3       jdk.internal.classfile.impl.StackMapGenerator::processBlock (2767 bytes)

Stack: [0x0000004123a00000,0x0000004123b00000]
Native frames: (J=compiled Java code, j=interpreted, Vv=VM code, C=native code)
V  [jvm.dll+0x7a8379]  (no source info available)
V  [jvm.dll+0x7729fd]  (no source info available)
V  [jvm.dll+0x9f57b3]  (no source info available)
V  [jvm.dll+0x9f7da1]  (no source info available)
V  [jvm.dll+0x9f84a3]  (no source info available)
V  [jvm.dll+0x2fcd26]  (no source info available)
V  [jvm.dll+0x111086]  (no source info available)
V  [jvm.dll+0x1113ae]  (no source info available)
V  [jvm.dll+0x19d72d]  (no source info available)
V  [jvm.dll+0x1e70c3]  (no source info available)
V  [jvm.dll+0x1e73e6]  (no source info available)
V  [jvm.dll+0x1f71cf]  (no source info available)
V  [jvm.dll+0x1f5f09]  (no source info available)
V  [jvm.dll+0x1ee23c]  (no source info available)
V  [jvm.dll+0x1e7b3e]  (no source info available)
V  [jvm.dll+0x1d5d00]  (no source info available)
V  [jvm.dll+0x1be6bf]  (no source info available)
V  [jvm.dll+0x1bdf5f]  (no source info available)
V  [jvm.dll+0x1be220]  (no source info available)
V  [jvm.dll+0x1bd561]  (no source info available)
V  [jvm.dll+0x1bf3ad]  (no source info available)
V  [jvm.dll+0x2cf386]  (no source info available)
V  [jvm.dll+0x2cd60a]  (no source info available)
V  [jvm.dll+0x48f64e]  (no source info available)
V  [jvm.dll+0x99630d]  (no source info available)
V  [jvm.dll+0x7a6955]  (no source info available)
C  [ucrtbase.dll+0x29333]  (no source info available)
C  [KERNEL32.DLL+0x1257d]  (no source info available)
C  [ntdll.dll+0x5af08]  (no source info available)

Lock stack of current Java thread (top to bottom):


---------------  P R O C E S S  ---------------

Threads class SMR info:
_java_thread_list=0x0000021419013e20, length=11, elements={
0x0000021473814440, 0x000002147fa51250, 0x000002147fa520b0, 0x000002147fa54aa0,
0x000002147fa56880, 0x000002147fa57390, 0x000002147fa57f50, 0x000002147fa59660,
0x000002147fa5de80, 0x000002147fa2c2a0, 0x0000021419045cf0
}

Java Threads: ( => current thread )
  0x0000021473814440 JavaThread "main"                              [_thread_in_vm, id=6832, stack(0x0000004122b00000,0x0000004122c00000) (1024K)]
  0x000002147fa51250 JavaThread "Reference Handler"          daemon [_thread_blocked, id=20852, stack(0x0000004123300000,0x0000004123400000) (1024K)]
  0x000002147fa520b0 JavaThread "Finalizer"                  daemon [_thread_blocked, id=19404, stack(0x0000004123400000,0x0000004123500000) (1024K)]
  0x000002147fa54aa0 JavaThread "Signal Dispatcher"          daemon [_thread_blocked, id=9936, stack(0x0000004123500000,0x0000004123600000) (1024K)]
  0x000002147fa56880 JavaThread "Attach Listener"            daemon [_thread_blocked, id=7572, stack(0x0000004123600000,0x0000004123700000) (1024K)]
  0x000002147fa57390 JavaThread "Service Thread"             daemon [_thread_blocked, id=10436, stack(0x0000004123700000,0x0000004123800000) (1024K)]
  0x000002147fa57f50 JavaThread "Monitor Deflation Thread"   daemon [_thread_blocked, id=9464, stack(0x0000004123800000,0x0000004123900000) (1024K)]
  0x000002147fa59660 JavaThread "C2 CompilerThread0"         daemon [_thread_blocked, id=22200, stack(0x0000004123900000,0x0000004123a00000) (1024K)]
=>0x000002147fa5de80 JavaThread "C1 CompilerThread0"         daemon [_thread_in_native, id=15968, stack(0x0000004123a00000,0x0000004123b00000) (1024K)]
  0x000002147fa2c2a0 JavaThread "Notification Thread"        daemon [_thread_blocked, id=25656, stack(0x0000004123b00000,0x0000004123c00000) (1024K)]
  0x0000021419045cf0 JavaThread "Common-Cleaner"             daemon [_thread_blocked, id=25528, stack(0x0000004123c00000,0x0000004123d00000) (1024K)]
Total: 11

Other Threads:
  0x000002147fa3c5e0 VMThread "VM Thread"                           [id=14604, stack(0x0000004123200000,0x0000004123300000) (1024K)]
  0x000002147fa2b560 WatcherThread "VM Periodic Task Thread"        [id=5984, stack(0x0000004123100000,0x0000004123200000) (1024K)]
  0x0000021475b484f0 WorkerThread "GC Thread#0"                     [id=25444, stack(0x0000004122c00000,0x0000004122d00000) (1024K)]
  0x0000021475b61320 ConcurrentGCThread "G1 Main Marker"            [id=11744, stack(0x0000004122d00000,0x0000004122e00000) (1024K)]
  0x0000021475b61ec0 WorkerThread "G1 Conc#0"                       [id=26152, stack(0x0000004122e00000,0x0000004122f00000) (1024K)]
  0x0000021475b91480 ConcurrentGCThread "G1 Refine#0"               [id=8904, stack(0x0000004122f00000,0x0000004123000000) (1024K)]
  0x0000021475b92210 ConcurrentGCThread "G1 Service"                [id=7352, stack(0x0000004123000000,0x0000004123100000) (1024K)]
Total: 7

Threads with active compile tasks:
C1 CompilerThread0  341  114       3       jdk.internal.classfile.impl.StackMapGenerator::processBlock (2767 bytes)
Total: 1

VM state: not at safepoint (normal execution)

VM Mutex/Monitor currently owned by a thread: None

Heap address: 0x0000000701c00000, size: 4068 MB, Compressed Oops mode: Zero based, Oop shift amount: 3

CDS archive(s) mapped at: [0x000000002d000000-0x000000002ddd0000-0x000000002ddd0000), size 14483456, SharedBaseAddress: 0x000000002d000000, ArchiveRelocationMode: 1.
Compressed class space mapped at: 0x000000002e000000-0x000000006e000000, reserved size: 1073741824
UseCompressedClassPointers 1, UseCompactObjectHeaders 0
Narrow klass pointer bits 32, Max shift 3
Narrow klass base: 0x000000002d000000, Narrow klass shift: 0
Encoding Range: [0x000000002d000000 - 0x000000012d000000), (4294967296 bytes)
Klass Range:    [0x000000002d010000 - 0x000000006e000000), (1090453504 bytes)
Klass ID Range:  [65536 - 1090519033) (1090453497)
Protection zone: [0x000000002d000000 - 0x000000002d010000), (65536 bytes)

GC Precious Log:
 CardTable entry size: 512
 Card Set container configuration: InlinePtr #cards 4 size 8 Array Of Cards #cards 16 size 48 Howl #buckets 8 coarsen threshold 3686 Howl Bitmap #cards 512 size 80 coarsen threshold 460 Card regions per heap region 1 cards per card region 4096
 CPUs: 4 total, 4 available
 Memory: 16265M
 Large Page Support: Disabled
 NUMA Support: Disabled
 Compressed Oops: Enabled (Zero based)
 Heap Region Size: 2M
 Heap Min Capacity: 8M
 Heap Initial Capacity: 256M
 Heap Max Capacity: 4068M
 Pre-touch: Disabled
 Parallel Workers: 4
 Concurrent Workers: 1
 Concurrent Refinement Workers: 4
 Periodic GC: Disabled

Heap:
 garbage-first heap   total reserved 4165632K, committed 264192K, used 1171K [0x0000000701c00000, 0x0000000800000000)
  region size 2048K, 1 young (2048K), 0 survivors (0K)

Heap Regions: E=young(eden), S=young(survivor), O=old, HS=humongous(starts), HC=humongous(continues), CS=collection set, F=free, TAMS=top-at-mark-start, PB=parsable bottom
|   0|0x0000000701c00000, 0x0000000701c00000, 0x0000000701e00000|  0%| F|  |TAMS 0x0000000701c00000| PB 0x0000000701c00000| Untracked |  0
|   1|0x0000000701e00000, 0x0000000701e00000, 0x0000000702000000|  0%| F|  |TAMS 0x0000000701e00000| PB 0x0000000701e00000| Untracked |  0
|   2|0x0000000702000000, 0x0000000702000000, 0x0000000702200000|  0%| F|  |TAMS 0x0000000702000000| PB 0x0000000702000000| Untracked |  0
|   3|0x0000000702200000, 0x0000000702200000, 0x0000000702400000|  0%| F|  |TAMS 0x0000000702200000| PB 0x0000000702200000| Untracked |  0
|   4|0x0000000702400000, 0x0000000702400000, 0x0000000702600000|  0%| F|  |TAMS 0x0000000702400000| PB 0x0000000702400000| Untracked |  0
|   5|0x0000000702600000, 0x0000000702600000, 0x0000000702800000|  0%| F|  |TAMS 0x0000000702600000| PB 0x0000000702600000| Untracked |  0
|   6|0x0000000702800000, 0x0000000702800000, 0x0000000702a00000|  0%| F|  |TAMS 0x0000000702800000| PB 0x0000000702800000| Untracked |  0
|   7|0x0000000702a00000, 0x0000000702a00000, 0x0000000702c00000|  0%| F|  |TAMS 0x0000000702a00000| PB 0x0000000702a00000| Untracked |  0
|   8|0x0000000702c00000, 0x0000000702c00000, 0x0000000702e00000|  0%| F|  |TAMS 0x0000000702c00000| PB 0x0000000702c00000| Untracked |  0
|   9|0x0000000702e00000, 0x0000000702e00000, 0x0000000703000000|  0%| F|  |TAMS 0x0000000702e00000| PB 0x0000000702e00000| Untracked |  0
|  10|0x0000000703000000, 0x0000000703000000, 0x0000000703200000|  0%| F|  |TAMS 0x0000000703000000| PB 0x0000000703000000| Untracked |  0
|  11|0x0000000703200000, 0x0000000703200000, 0x0000000703400000|  0%| F|  |TAMS 0x0000000703200000| PB 0x0000000703200000| Untracked |  0
|  12|0x0000000703400000, 0x0000000703400000, 0x0000000703600000|  0%| F|  |TAMS 0x0000000703400000| PB 0x0000000703400000| Untracked |  0
|  13|0x0000000703600000, 0x0000000703600000, 0x0000000703800000|  0%| F|  |TAMS 0x0000000703600000| PB 0x0000000703600000| Untracked |  0
|  14|0x0000000703800000, 0x0000000703800000, 0x0000000703a00000|  0%| F|  |TAMS 0x0000000703800000| PB 0x0000000703800000| Untracked |  0
|  15|0x0000000703a00000, 0x0000000703a00000, 0x0000000703c00000|  0%| F|  |TAMS 0x0000000703a00000| PB 0x0000000703a00000| Untracked |  0
|  16|0x0000000703c00000, 0x0000000703c00000, 0x0000000703e00000|  0%| F|  |TAMS 0x0000000703c00000| PB 0x0000000703c00000| Untracked |  0
|  17|0x0000000703e00000, 0x0000000703e00000, 0x0000000704000000|  0%| F|  |TAMS 0x0000000703e00000| PB 0x0000000703e00000| Untracked |  0
|  18|0x0000000704000000, 0x0000000704000000, 0x0000000704200000|  0%| F|  |TAMS 0x0000000704000000| PB 0x0000000704000000| Untracked |  0
|  19|0x0000000704200000, 0x0000000704200000, 0x0000000704400000|  0%| F|  |TAMS 0x0000000704200000| PB 0x0000000704200000| Untracked |  0
|  20|0x0000000704400000, 0x0000000704400000, 0x0000000704600000|  0%| F|  |TAMS 0x0000000704400000| PB 0x0000000704400000| Untracked |  0
|  21|0x0000000704600000, 0x0000000704600000, 0x0000000704800000|  0%| F|  |TAMS 0x0000000704600000| PB 0x0000000704600000| Untracked |  0
|  22|0x0000000704800000, 0x0000000704800000, 0x0000000704a00000|  0%| F|  |TAMS 0x0000000704800000| PB 0x0000000704800000| Untracked |  0
|  23|0x0000000704a00000, 0x0000000704a00000, 0x0000000704c00000|  0%| F|  |TAMS 0x0000000704a00000| PB 0x0000000704a00000| Untracked |  0
|  24|0x0000000704c00000, 0x0000000704c00000, 0x0000000704e00000|  0%| F|  |TAMS 0x0000000704c00000| PB 0x0000000704c00000| Untracked |  0
|  25|0x0000000704e00000, 0x0000000704e00000, 0x0000000705000000|  0%| F|  |TAMS 0x0000000704e00000| PB 0x0000000704e00000| Untracked |  0
|  26|0x0000000705000000, 0x0000000705000000, 0x0000000705200000|  0%| F|  |TAMS 0x0000000705000000| PB 0x0000000705000000| Untracked |  0
|  27|0x0000000705200000, 0x0000000705200000, 0x0000000705400000|  0%| F|  |TAMS 0x0000000705200000| PB 0x0000000705200000| Untracked |  0
|  28|0x0000000705400000, 0x0000000705400000, 0x0000000705600000|  0%| F|  |TAMS 0x0000000705400000| PB 0x0000000705400000| Untracked |  0
|  29|0x0000000705600000, 0x0000000705600000, 0x0000000705800000|  0%| F|  |TAMS 0x0000000705600000| PB 0x0000000705600000| Untracked |  0
|  30|0x0000000705800000, 0x0000000705800000, 0x0000000705a00000|  0%| F|  |TAMS 0x0000000705800000| PB 0x0000000705800000| Untracked |  0
|  31|0x0000000705a00000, 0x0000000705a00000, 0x0000000705c00000|  0%| F|  |TAMS 0x0000000705a00000| PB 0x0000000705a00000| Untracked |  0
|  32|0x0000000705c00000, 0x0000000705c00000, 0x0000000705e00000|  0%| F|  |TAMS 0x0000000705c00000| PB 0x0000000705c00000| Untracked |  0
|  33|0x0000000705e00000, 0x0000000705e00000, 0x0000000706000000|  0%| F|  |TAMS 0x0000000705e00000| PB 0x0000000705e00000| Untracked |  0
|  34|0x0000000706000000, 0x0000000706000000, 0x0000000706200000|  0%| F|  |TAMS 0x0000000706000000| PB 0x0000000706000000| Untracked |  0
|  35|0x0000000706200000, 0x0000000706200000, 0x0000000706400000|  0%| F|  |TAMS 0x0000000706200000| PB 0x0000000706200000| Untracked |  0
|  36|0x0000000706400000, 0x0000000706400000, 0x0000000706600000|  0%| F|  |TAMS 0x0000000706400000| PB 0x0000000706400000| Untracked |  0
|  37|0x0000000706600000, 0x0000000706600000, 0x0000000706800000|  0%| F|  |TAMS 0x0000000706600000| PB 0x0000000706600000| Untracked |  0
|  38|0x0000000706800000, 0x0000000706800000, 0x0000000706a00000|  0%| F|  |TAMS 0x0000000706800000| PB 0x0000000706800000| Untracked |  0
|  39|0x0000000706a00000, 0x0000000706a00000, 0x0000000706c00000|  0%| F|  |TAMS 0x0000000706a00000| PB 0x0000000706a00000| Untracked |  0
|  40|0x0000000706c00000, 0x0000000706c00000, 0x0000000706e00000|  0%| F|  |TAMS 0x0000000706c00000| PB 0x0000000706c00000| Untracked |  0
|  41|0x0000000706e00000, 0x0000000706e00000, 0x0000000707000000|  0%| F|  |TAMS 0x0000000706e00000| PB 0x0000000706e00000| Untracked |  0
|  42|0x0000000707000000, 0x0000000707000000, 0x0000000707200000|  0%| F|  |TAMS 0x0000000707000000| PB 0x0000000707000000| Untracked |  0
|  43|0x0000000707200000, 0x0000000707200000, 0x0000000707400000|  0%| F|  |TAMS 0x0000000707200000| PB 0x0000000707200000| Untracked |  0
|  44|0x0000000707400000, 0x0000000707400000, 0x0000000707600000|  0%| F|  |TAMS 0x0000000707400000| PB 0x0000000707400000| Untracked |  0
|  45|0x0000000707600000, 0x0000000707600000, 0x0000000707800000|  0%| F|  |TAMS 0x0000000707600000| PB 0x0000000707600000| Untracked |  0
|  46|0x0000000707800000, 0x0000000707800000, 0x0000000707a00000|  0%| F|  |TAMS 0x0000000707800000| PB 0x0000000707800000| Untracked |  0
|  47|0x0000000707a00000, 0x0000000707a00000, 0x0000000707c00000|  0%| F|  |TAMS 0x0000000707a00000| PB 0x0000000707a00000| Untracked |  0
|  48|0x0000000707c00000, 0x0000000707c00000, 0x0000000707e00000|  0%| F|  |TAMS 0x0000000707c00000| PB 0x0000000707c00000| Untracked |  0
|  49|0x0000000707e00000, 0x0000000707e00000, 0x0000000708000000|  0%| F|  |TAMS 0x0000000707e00000| PB 0x0000000707e00000| Untracked |  0
|  50|0x0000000708000000, 0x0000000708000000, 0x0000000708200000|  0%| F|  |TAMS 0x0000000708000000| PB 0x0000000708000000| Untracked |  0
|  51|0x0000000708200000, 0x0000000708200000, 0x0000000708400000|  0%| F|  |TAMS 0x0000000708200000| PB 0x0000000708200000| Untracked |  0
|  52|0x0000000708400000, 0x0000000708400000, 0x0000000708600000|  0%| F|  |TAMS 0x0000000708400000| PB 0x0000000708400000| Untracked |  0
|  53|0x0000000708600000, 0x0000000708600000, 0x0000000708800000|  0%| F|  |TAMS 0x0000000708600000| PB 0x0000000708600000| Untracked |  0
|  54|0x0000000708800000, 0x0000000708800000, 0x0000000708a00000|  0%| F|  |TAMS 0x0000000708800000| PB 0x0000000708800000| Untracked |  0
|  55|0x0000000708a00000, 0x0000000708a00000, 0x0000000708c00000|  0%| F|  |TAMS 0x0000000708a00000| PB 0x0000000708a00000| Untracked |  0
|  56|0x0000000708c00000, 0x0000000708c00000, 0x0000000708e00000|  0%| F|  |TAMS 0x0000000708c00000| PB 0x0000000708c00000| Untracked |  0
|  57|0x0000000708e00000, 0x0000000708e00000, 0x0000000709000000|  0%| F|  |TAMS 0x0000000708e00000| PB 0x0000000708e00000| Untracked |  0
|  58|0x0000000709000000, 0x0000000709000000, 0x0000000709200000|  0%| F|  |TAMS 0x0000000709000000| PB 0x0000000709000000| Untracked |  0
|  59|0x0000000709200000, 0x0000000709200000, 0x0000000709400000|  0%| F|  |TAMS 0x0000000709200000| PB 0x0000000709200000| Untracked |  0
|  60|0x0000000709400000, 0x0000000709400000, 0x0000000709600000|  0%| F|  |TAMS 0x0000000709400000| PB 0x0000000709400000| Untracked |  0
|  61|0x0000000709600000, 0x0000000709600000, 0x0000000709800000|  0%| F|  |TAMS 0x0000000709600000| PB 0x0000000709600000| Untracked |  0
|  62|0x0000000709800000, 0x0000000709800000, 0x0000000709a00000|  0%| F|  |TAMS 0x0000000709800000| PB 0x0000000709800000| Untracked |  0
|  63|0x0000000709a00000, 0x0000000709a00000, 0x0000000709c00000|  0%| F|  |TAMS 0x0000000709a00000| PB 0x0000000709a00000| Untracked |  0
|  64|0x0000000709c00000, 0x0000000709c00000, 0x0000000709e00000|  0%| F|  |TAMS 0x0000000709c00000| PB 0x0000000709c00000| Untracked |  0
|  65|0x0000000709e00000, 0x0000000709e00000, 0x000000070a000000|  0%| F|  |TAMS 0x0000000709e00000| PB 0x0000000709e00000| Untracked |  0
|  66|0x000000070a000000, 0x000000070a000000, 0x000000070a200000|  0%| F|  |TAMS 0x000000070a000000| PB 0x000000070a000000| Untracked |  0
|  67|0x000000070a200000, 0x000000070a200000, 0x000000070a400000|  0%| F|  |TAMS 0x000000070a200000| PB 0x000000070a200000| Untracked |  0
|  68|0x000000070a400000, 0x000000070a400000, 0x000000070a600000|  0%| F|  |TAMS 0x000000070a400000| PB 0x000000070a400000| Untracked |  0
|  69|0x000000070a600000, 0x000000070a600000, 0x000000070a800000|  0%| F|  |TAMS 0x000000070a600000| PB 0x000000070a600000| Untracked |  0
|  70|0x000000070a800000, 0x000000070a800000, 0x000000070aa00000|  0%| F|  |TAMS 0x000000070a800000| PB 0x000000070a800000| Untracked |  0
|  71|0x000000070aa00000, 0x000000070aa00000, 0x000000070ac00000|  0%| F|  |TAMS 0x000000070aa00000| PB 0x000000070aa00000| Untracked |  0
|  72|0x000000070ac00000, 0x000000070ac00000, 0x000000070ae00000|  0%| F|  |TAMS 0x000000070ac00000| PB 0x000000070ac00000| Untracked |  0
|  73|0x000000070ae00000, 0x000000070ae00000, 0x000000070b000000|  0%| F|  |TAMS 0x000000070ae00000| PB 0x000000070ae00000| Untracked |  0
|  74|0x000000070b000000, 0x000000070b000000, 0x000000070b200000|  0%| F|  |TAMS 0x000000070b000000| PB 0x000000070b000000| Untracked |  0
|  75|0x000000070b200000, 0x000000070b200000, 0x000000070b400000|  0%| F|  |TAMS 0x000000070b200000| PB 0x000000070b200000| Untracked |  0
|  76|0x000000070b400000, 0x000000070b400000, 0x000000070b600000|  0%| F|  |TAMS 0x000000070b400000| PB 0x000000070b400000| Untracked |  0
|  77|0x000000070b600000, 0x000000070b600000, 0x000000070b800000|  0%| F|  |TAMS 0x000000070b600000| PB 0x000000070b600000| Untracked |  0
|  78|0x000000070b800000, 0x000000070b800000, 0x000000070ba00000|  0%| F|  |TAMS 0x000000070b800000| PB 0x000000070b800000| Untracked |  0
|  79|0x000000070ba00000, 0x000000070ba00000, 0x000000070bc00000|  0%| F|  |TAMS 0x000000070ba00000| PB 0x000000070ba00000| Untracked |  0
|  80|0x000000070bc00000, 0x000000070bc00000, 0x000000070be00000|  0%| F|  |TAMS 0x000000070bc00000| PB 0x000000070bc00000| Untracked |  0
|  81|0x000000070be00000, 0x000000070be00000, 0x000000070c000000|  0%| F|  |TAMS 0x000000070be00000| PB 0x000000070be00000| Untracked |  0
|  82|0x000000070c000000, 0x000000070c000000, 0x000000070c200000|  0%| F|  |TAMS 0x000000070c000000| PB 0x000000070c000000| Untracked |  0
|  83|0x000000070c200000, 0x000000070c200000, 0x000000070c400000|  0%| F|  |TAMS 0x000000070c200000| PB 0x000000070c200000| Untracked |  0
|  84|0x000000070c400000, 0x000000070c400000, 0x000000070c600000|  0%| F|  |TAMS 0x000000070c400000| PB 0x000000070c400000| Untracked |  0
|  85|0x000000070c600000, 0x000000070c600000, 0x000000070c800000|  0%| F|  |TAMS 0x000000070c600000| PB 0x000000070c600000| Untracked |  0
|  86|0x000000070c800000, 0x000000070c800000, 0x000000070ca00000|  0%| F|  |TAMS 0x000000070c800000| PB 0x000000070c800000| Untracked |  0
|  87|0x000000070ca00000, 0x000000070ca00000, 0x000000070cc00000|  0%| F|  |TAMS 0x000000070ca00000| PB 0x000000070ca00000| Untracked |  0
|  88|0x000000070cc00000, 0x000000070cc00000, 0x000000070ce00000|  0%| F|  |TAMS 0x000000070cc00000| PB 0x000000070cc00000| Untracked |  0
|  89|0x000000070ce00000, 0x000000070ce00000, 0x000000070d000000|  0%| F|  |TAMS 0x000000070ce00000| PB 0x000000070ce00000| Untracked |  0
|  90|0x000000070d000000, 0x000000070d000000, 0x000000070d200000|  0%| F|  |TAMS 0x000000070d000000| PB 0x000000070d000000| Untracked |  0
|  91|0x000000070d200000, 0x000000070d200000, 0x000000070d400000|  0%| F|  |TAMS 0x000000070d200000| PB 0x000000070d200000| Untracked |  0
|  92|0x000000070d400000, 0x000000070d400000, 0x000000070d600000|  0%| F|  |TAMS 0x000000070d400000| PB 0x000000070d400000| Untracked |  0
|  93|0x000000070d600000, 0x000000070d600000, 0x000000070d800000|  0%| F|  |TAMS 0x000000070d600000| PB 0x000000070d600000| Untracked |  0
|  94|0x000000070d800000, 0x000000070d800000, 0x000000070da00000|  0%| F|  |TAMS 0x000000070d800000| PB 0x000000070d800000| Untracked |  0
|  95|0x000000070da00000, 0x000000070da00000, 0x000000070dc00000|  0%| F|  |TAMS 0x000000070da00000| PB 0x000000070da00000| Untracked |  0
|  96|0x000000070dc00000, 0x000000070dc00000, 0x000000070de00000|  0%| F|  |TAMS 0x000000070dc00000| PB 0x000000070dc00000| Untracked |  0
|  97|0x000000070de00000, 0x000000070de00000, 0x000000070e000000|  0%| F|  |TAMS 0x000000070de00000| PB 0x000000070de00000| Untracked |  0
|  98|0x000000070e000000, 0x000000070e000000, 0x000000070e200000|  0%| F|  |TAMS 0x000000070e000000| PB 0x000000070e000000| Untracked |  0
|  99|0x000000070e200000, 0x000000070e200000, 0x000000070e400000|  0%| F|  |TAMS 0x000000070e200000| PB 0x000000070e200000| Untracked |  0
| 100|0x000000070e400000, 0x000000070e400000, 0x000000070e600000|  0%| F|  |TAMS 0x000000070e400000| PB 0x000000070e400000| Untracked |  0
| 101|0x000000070e600000, 0x000000070e600000, 0x000000070e800000|  0%| F|  |TAMS 0x000000070e600000| PB 0x000000070e600000| Untracked |  0
| 102|0x000000070e800000, 0x000000070e800000, 0x000000070ea00000|  0%| F|  |TAMS 0x000000070e800000| PB 0x000000070e800000| Untracked |  0
| 103|0x000000070ea00000, 0x000000070ea00000, 0x000000070ec00000|  0%| F|  |TAMS 0x000000070ea00000| PB 0x000000070ea00000| Untracked |  0
| 104|0x000000070ec00000, 0x000000070ec00000, 0x000000070ee00000|  0%| F|  |TAMS 0x000000070ec00000| PB 0x000000070ec00000| Untracked |  0
| 105|0x000000070ee00000, 0x000000070ee00000, 0x000000070f000000|  0%| F|  |TAMS 0x000000070ee00000| PB 0x000000070ee00000| Untracked |  0
| 106|0x000000070f000000, 0x000000070f000000, 0x000000070f200000|  0%| F|  |TAMS 0x000000070f000000| PB 0x000000070f000000| Untracked |  0
| 107|0x000000070f200000, 0x000000070f200000, 0x000000070f400000|  0%| F|  |TAMS 0x000000070f200000| PB 0x000000070f200000| Untracked |  0
| 108|0x000000070f400000, 0x000000070f400000, 0x000000070f600000|  0%| F|  |TAMS 0x000000070f400000| PB 0x000000070f400000| Untracked |  0
| 109|0x000000070f600000, 0x000000070f600000, 0x000000070f800000|  0%| F|  |TAMS 0x000000070f600000| PB 0x000000070f600000| Untracked |  0
| 110|0x000000070f800000, 0x000000070f800000, 0x000000070fa00000|  0%| F|  |TAMS 0x000000070f800000| PB 0x000000070f800000| Untracked |  0
| 111|0x000000070fa00000, 0x000000070fa00000, 0x000000070fc00000|  0%| F|  |TAMS 0x000000070fa00000| PB 0x000000070fa00000| Untracked |  0
| 112|0x000000070fc00000, 0x000000070fc00000, 0x000000070fe00000|  0%| F|  |TAMS 0x000000070fc00000| PB 0x000000070fc00000| Untracked |  0
| 113|0x000000070fe00000, 0x000000070fe00000, 0x0000000710000000|  0%| F|  |TAMS 0x000000070fe00000| PB 0x000000070fe00000| Untracked |  0
| 114|0x0000000710000000, 0x0000000710000000, 0x0000000710200000|  0%| F|  |TAMS 0x0000000710000000| PB 0x0000000710000000| Untracked |  0
| 115|0x0000000710200000, 0x0000000710200000, 0x0000000710400000|  0%| F|  |TAMS 0x0000000710200000| PB 0x0000000710200000| Untracked |  0
| 116|0x0000000710400000, 0x0000000710400000, 0x0000000710600000|  0%| F|  |TAMS 0x0000000710400000| PB 0x0000000710400000| Untracked |  0
| 117|0x0000000710600000, 0x0000000710600000, 0x0000000710800000|  0%| F|  |TAMS 0x0000000710600000| PB 0x0000000710600000| Untracked |  0
| 118|0x0000000710800000, 0x0000000710800000, 0x0000000710a00000|  0%| F|  |TAMS 0x0000000710800000| PB 0x0000000710800000| Untracked |  0
| 119|0x0000000710a00000, 0x0000000710a00000, 0x0000000710c00000|  0%| F|  |TAMS 0x0000000710a00000| PB 0x0000000710a00000| Untracked |  0
| 120|0x0000000710c00000, 0x0000000710c00000, 0x0000000710e00000|  0%| F|  |TAMS 0x0000000710c00000| PB 0x0000000710c00000| Untracked |  0
| 121|0x0000000710e00000, 0x0000000710e00000, 0x0000000711000000|  0%| F|  |TAMS 0x0000000710e00000| PB 0x0000000710e00000| Untracked |  0
| 122|0x0000000711000000, 0x0000000711000000, 0x0000000711200000|  0%| F|  |TAMS 0x0000000711000000| PB 0x0000000711000000| Untracked |  0
| 123|0x0000000711200000, 0x0000000711200000, 0x0000000711400000|  0%| F|  |TAMS 0x0000000711200000| PB 0x0000000711200000| Untracked |  0
| 124|0x0000000711400000, 0x0000000711400000, 0x0000000711600000|  0%| F|  |TAMS 0x0000000711400000| PB 0x0000000711400000| Untracked |  0
| 125|0x0000000711600000, 0x0000000711600000, 0x0000000711800000|  0%| F|  |TAMS 0x0000000711600000| PB 0x0000000711600000| Untracked |  0
| 126|0x0000000711800000, 0x0000000711800000, 0x0000000711a00000|  0%| F|  |TAMS 0x0000000711800000| PB 0x0000000711800000| Untracked |  0
| 127|0x0000000711a00000, 0x0000000711bae178, 0x0000000711c00000| 84%| E|  |TAMS 0x0000000711a00000| PB 0x0000000711a00000| Complete |  0
|2033|0x00000007ffe00000, 0x00000007fff24ea8, 0x0000000800000000| 57%| O|  |TAMS 0x00000007ffe00000| PB 0x00000007ffe00000| Untracked |  0

Card table byte_map: [0x000002147edd0000,0x000002147f5d0000] _byte_map_base: 0x000002147b5c2000

Marking Bits: (CMBitMap*) 0x0000021475b48c80
 Bits: [0x000002140f000000, 0x0000021412f90000)

Polling page: 0x00000214752b0000

Metaspace:
Metaspace        used 665K, committed 832K, reserved 1114112K
 class space     used 24K, committed 128K, reserved 1048576K

Usage:
  Non-class:    640.54 KB used.
      Class:     24.73 KB used.
       Both:    665.27 KB used.

Virtual space:
  Non-class space:       64.00 MB reserved,     704.00 KB (  1%) committed,  1 nodes.
      Class space:        1.00 GB reserved,     128.00 KB ( <1%) committed,  1 nodes.
             Both:        1.06 GB reserved,     832.00 KB ( <1%) committed. 

Chunk freelists:
   Non-Class:  11.98 MB
       Class:  15.74 MB
        Both:  27.72 MB

MaxMetaspaceSize: unlimited
CompressedClassSpaceSize: 1.00 GB
Initial GC threshold: 21.00 MB
Current GC threshold: 21.00 MB
CDS: on
 - commit_granule_bytes: 65536.
 - commit_granule_words: 8192.
 - virtual_space_node_default_size: 8388608.
 - enlarge_chunks_in_place: 1.
UseCompressedClassPointers 1, UseCompactObjectHeaders 0
Narrow klass pointer bits 32, Max shift 3
Narrow klass base: 0x000000002d000000, Narrow klass shift: 0
Encoding Range: [0x000000002d000000 - 0x000000012d000000), (4294967296 bytes)
Klass Range:    [0x000000002d010000 - 0x000000006e000000), (1090453504 bytes)
Klass ID Range:  [65536 - 1090519033) (1090453497)
Protection zone: [0x000000002d000000 - 0x000000002d010000), (65536 bytes)


Internal statistics:

num_allocs_failed_limit: 0.
num_arena_births: 16.
num_arena_deaths: 0.
num_vsnodes_births: 2.
num_vsnodes_deaths: 0.
num_space_committed: 13.
num_space_uncommitted: 0.
num_chunks_returned_to_freelist: 0.
num_chunks_taken_from_freelist: 19.
num_chunk_merges: 0.
num_chunk_splits: 14.
num_chunks_enlarged: 6.
num_inconsistent_stats: 0.

CodeHeap 'non-profiled nmethods': size=120064Kb used=39Kb max_used=39Kb free=120024Kb
 bounds [0x0000021407ac0000, 0x0000021407d30000, 0x000002140f000000]
CodeHeap 'profiled nmethods': size=120000Kb used=72Kb max_used=72Kb free=119928Kb
 bounds [0x0000021400000000, 0x0000021400270000, 0x0000021407530000]
CodeHeap 'non-nmethods': size=5696Kb used=1250Kb max_used=1250Kb free=4445Kb
 bounds [0x0000021407530000, 0x00000214077a0000, 0x0000021407ac0000]
CodeCache: size=245760Kb, used=1361Kb, max_used=1361Kb, free=244397Kb
 total_blobs=485, nmethods=113, adapters=276, full_count=0
Compilation: enabled, stopped_count=0, restarted_count=0

Compilation events (20 events):
Event: 0.165 Thread 0x000002147fa5de80 nmethod 103 0x000002140000f208 code [0x000002140000f300, 0x000002140000f5d8]
Event: 0.165 Thread 0x000002147fa5de80  104       3       jdk.internal.classfile.impl.SplitConstantPool::internalAdd (12 bytes)
Event: 0.166 Thread 0x000002147fa5de80 nmethod 104 0x000002140000f608 code [0x000002140000f700, 0x000002140000f920]
Event: 0.166 Thread 0x000002147fa5de80  105       3       jdk.internal.classfile.impl.SplitConstantPool::internalAdd (78 bytes)
Event: 0.166 Thread 0x000002147fa5de80 nmethod 105 0x000002140000f988 code [0x000002140000fa80, 0x00000214000101c8]
Event: 0.166 Thread 0x000002147fa5de80  106       3       java.lang.invoke.MethodType::parameterType (7 bytes)
Event: 0.166 Thread 0x000002147fa5de80 nmethod 106 0x0000021400010208 code [0x0000021400010300, 0x0000021400010438]
Event: 0.166 Thread 0x000002147fa5de80  107       3       jdk.internal.classfile.impl.EntryMap::put (186 bytes)
Event: 0.167 Thread 0x000002147fa5de80 nmethod 107 0x0000021400010508 code [0x0000021400010600, 0x0000021400010cb0]
Event: 0.167 Thread 0x000002147fa5de80  100       3       java.util.Objects::requireNonNull (15 bytes)
Event: 0.167 Thread 0x000002147fa5de80 nmethod 100 0x0000021400010d08 code [0x0000021400010e00, 0x0000021400010fd8]
Event: 0.167 Thread 0x000002147fa5de80  109       3       jdk.internal.constant.MethodTypeDescImpl::parameterType (7 bytes)
Event: 0.167 Thread 0x000002147fa5de80 nmethod 109 0x0000021400011008 code [0x0000021400011100, 0x0000021400011238]
Event: 0.167 Thread 0x000002147fa5de80  111       1       jdk.internal.classfile.impl.BufWriterImpl::size (5 bytes)
Event: 0.167 Thread 0x000002147fa5de80 nmethod 111 0x0000021407ac9888 code [0x0000021407ac9980, 0x0000021407ac9a48]
Event: 0.167 Thread 0x000002147fa5de80  110       3       jdk.internal.classfile.impl.SplitConstantPool::tryFindUtf8 (103 bytes)
Event: 0.168 Thread 0x000002147fa5de80 nmethod 110 0x0000021400011308 code [0x0000021400011400, 0x0000021400011fa8]
Event: 0.168 Thread 0x000002147fa5de80  113       1       jdk.internal.classfile.impl.AbstractDirectBuilder::constantPool (5 bytes)
Event: 0.168 Thread 0x000002147fa5de80 nmethod 113 0x0000021407ac9b88 code [0x0000021407ac9c80, 0x0000021407ac9d48]
Event: 0.168 Thread 0x000002147fa5de80  114       3       jdk.internal.classfile.impl.StackMapGenerator::processBlock (2767 bytes)

GC Heap Usage History (0 events):
No events

Metaspace Usage History (0 events):
No events

Dll operation events (3 events):
Event: 0.020 Loaded shared library C:\Program Files\Apache NetBeans\jdk\bin\java.dll
Event: 0.143 Loaded shared library C:\Program Files\Apache NetBeans\jdk\bin\jimage.dll
Event: 0.151 Loaded shared library C:\Program Files\Apache NetBeans\jdk\bin\awt.dll

Deoptimization events (0 events):
No events

Classes loaded (20 events):
Event: 0.176 Loading class sun/awt/InputMethodSupport done
Event: 0.176 Loading class sun/awt/KeyboardFocusManagerPeerProvider
Event: 0.177 Loading class sun/awt/KeyboardFocusManagerPeerProvider done
Event: 0.178 Loading class sun/awt/SunToolkit done
Event: 0.178 Loading class sun/awt/windows/WToolkit done
Event: 0.179 Loading class java/util/concurrent/locks/AbstractQueuedSynchronizer$ConditionObject
Event: 0.179 Loading class java/util/concurrent/locks/Condition
Event: 0.179 Loading class java/util/concurrent/locks/Condition done
Event: 0.179 Loading class java/util/concurrent/locks/AbstractQueuedSynchronizer$ConditionObject done
Event: 0.179 Loading class sun/awt/WeakIdentityHashMap
Event: 0.180 Loading class sun/awt/WeakIdentityHashMap done
Event: 0.180 Loading class sun/awt/SoftCache
Event: 0.180 Loading class sun/awt/SoftCache done
Event: 0.180 Loading class sun/util/logging/PlatformLogger
Event: 0.181 Loading class sun/util/logging/PlatformLogger done
Event: 0.181 Loading class sun/util/logging/PlatformLogger$Level
Event: 0.181 Loading class sun/util/logging/PlatformLogger$Level done
Event: 0.181 Loading class java/lang/System$Logger$Level
Event: 0.181 Loading class java/lang/System$Logger$Level done
Event: 0.181 Loading class jdk/internal/logger/LazyLoggers

Classes unloaded (0 events):
No events

Classes redefined (0 events):
No events

Internal exceptions (4 events):
Event: 0.104 Thread 0x0000021473814440 Exception <a 'java/lang/NoSuchMethodError'{0x0000000711a259a8}: 'void java.lang.invoke.DirectMethodHandle$Holder.invokeStatic(java.lang.Object, java.lang.Object)'> (0x0000000711a259a8) 
thrown [s\src\hotspot\share\interpreter\linkResolver.cpp, line 804]
Event: 0.134 Thread 0x0000021473814440 Exception <a 'java/lang/ClassNotFoundException'{0x0000000711a4c068}: sun/awt/resources/spi/awtProvider> (0x0000000711a4c068) 
thrown [s\src\hotspot\share\classfile\systemDictionary.cpp, line 327]
Event: 0.163 Thread 0x0000021473814440 Exception <a 'java/io/FileNotFoundException'{0x0000000711a78388}> (0x0000000711a78388) 
thrown [s\src\hotspot\share\prims\jni.cpp, line 516]
Event: 0.169 Thread 0x0000021473814440 Exception <a 'java/io/FileNotFoundException'{0x0000000711a8ad68}> (0x0000000711a8ad68) 
thrown [s\src\hotspot\share\prims\jni.cpp, line 516]

VM Operations (0 events):
No events

Memory protections (0 events):
No events

Nmethod flushes (0 events):
No events

Events (11 events):
Event: 0.055 Thread 0x0000021473814440 Thread added: 0x0000021473814440
Event: 0.078 Thread 0x0000021473814440 Thread added: 0x000002147fa51250
Event: 0.078 Thread 0x0000021473814440 Thread added: 0x000002147fa520b0
Event: 0.078 Thread 0x0000021473814440 Thread added: 0x000002147fa54aa0
Event: 0.078 Thread 0x0000021473814440 Thread added: 0x000002147fa56880
Event: 0.078 Thread 0x0000021473814440 Thread added: 0x000002147fa57390
Event: 0.078 Thread 0x0000021473814440 Thread added: 0x000002147fa57f50
Event: 0.079 Thread 0x0000021473814440 Thread added: 0x000002147fa59660
Event: 0.079 Thread 0x0000021473814440 Thread added: 0x000002147fa5de80
Event: 0.087 Thread 0x0000021473814440 Thread added: 0x000002147fa2c2a0
Event: 0.092 Thread 0x0000021473814440 Thread added: 0x0000021419045cf0


Dynamic libraries:
0x00007ff717ff0000 - 0x00007ff717ffe000 	C:\Program Files\Apache NetBeans\jdk\bin\java.exe
0x00007ffc1ff30000 - 0x00007ffc20147000 	C:\Windows\SYSTEM32\ntdll.dll
0x00007ffc1efc0000 - 0x00007ffc1f084000 	C:\Windows\System32\KERNEL32.DLL
0x00007ffc1d5d0000 - 0x00007ffc1d987000 	C:\Windows\System32\KERNELBASE.dll
0x00007ffc1d4b0000 - 0x00007ffc1d5c1000 	C:\Windows\System32\ucrtbase.dll
0x00007ffbfdbc0000 - 0x00007ffbfdbd6000 	C:\Program Files\Apache NetBeans\jdk\bin\jli.dll
0x00007ffc1f300000 - 0x00007ffc1f4af000 	C:\Windows\System32\USER32.dll
0x00007ffc1d240000 - 0x00007ffc1d266000 	C:\Windows\System32\win32u.dll
0x00007ffc1e960000 - 0x00007ffc1e989000 	C:\Windows\System32\GDI32.dll
0x00007ffc1dac0000 - 0x00007ffc1dbd8000 	C:\Windows\System32\gdi32full.dll
0x00007ffc1d270000 - 0x00007ffc1d30a000 	C:\Windows\System32\msvcp_win.dll
0x00007ffbf9690000 - 0x00007ffbf96ae000 	C:\Program Files\Apache NetBeans\jdk\bin\VCRUNTIME140.dll
0x00007ffc0aad0000 - 0x00007ffc0ad63000 	C:\Windows\WinSxS\amd64_microsoft.windows.common-controls_6595b64144ccf1df_6.0.22621.3672_none_2713b9d173822955\COMCTL32.dll
0x00007ffc1ef10000 - 0x00007ffc1efb7000 	C:\Windows\System32\msvcrt.dll
0x00007ffc1eab0000 - 0x00007ffc1eae1000 	C:\Windows\System32\IMM32.DLL
0x00007ffc16430000 - 0x00007ffc1643c000 	C:\Program Files\Apache NetBeans\jdk\bin\vcruntime140_1.dll
0x00007ffbe01a0000 - 0x00007ffbe022d000 	C:\Program Files\Apache NetBeans\jdk\bin\msvcp140.dll
0x00007ffb9d740000 - 0x00007ffb9e666000 	C:\Program Files\Apache NetBeans\jdk\bin\server\jvm.dll
0x00007ffc1eaf0000 - 0x00007ffc1eba2000 	C:\Windows\System32\ADVAPI32.dll
0x00007ffc1ec40000 - 0x00007ffc1ece8000 	C:\Windows\System32\sechost.dll
0x00007ffc1d310000 - 0x00007ffc1d338000 	C:\Windows\System32\bcrypt.dll
0x00007ffc1e990000 - 0x00007ffc1eaa4000 	C:\Windows\System32\RPCRT4.dll
0x00007ffc1e1f0000 - 0x00007ffc1e261000 	C:\Windows\System32\WS2_32.dll
0x00007ffc1d110000 - 0x00007ffc1d15d000 	C:\Windows\SYSTEM32\POWRPROF.dll
0x00007ffc165a0000 - 0x00007ffc165d4000 	C:\Windows\SYSTEM32\WINMM.dll
0x00007ffc1ae10000 - 0x00007ffc1ae1a000 	C:\Windows\SYSTEM32\VERSION.dll
0x00007ffc1d0f0000 - 0x00007ffc1d103000 	C:\Windows\SYSTEM32\UMPDC.dll
0x00007ffc1c250000 - 0x00007ffc1c268000 	C:\Windows\SYSTEM32\kernel.appcore.dll
0x00007ffc13bf0000 - 0x00007ffc13bfa000 	C:\Program Files\Apache NetBeans\jdk\bin\jimage.dll
0x00007ffc12b70000 - 0x00007ffc12da2000 	C:\Windows\SYSTEM32\DBGHELP.DLL
0x00007ffc1ddc0000 - 0x00007ffc1e14e000 	C:\Windows\System32\combase.dll
0x00007ffc1fda0000 - 0x00007ffc1fe77000 	C:\Windows\System32\OLEAUT32.dll
0x00007ffb902d0000 - 0x00007ffb90302000 	C:\Windows\SYSTEM32\dbgcore.DLL
0x00007ffc1dbe0000 - 0x00007ffc1dc5b000 	C:\Windows\System32\bcryptPrimitives.dll
0x00007ffbefa70000 - 0x00007ffbefa8e000 	C:\Program Files\Apache NetBeans\jdk\bin\java.dll
0x00007ffc1ed10000 - 0x00007ffc1eeb5000 	C:\Windows\System32\ole32.dll
0x00007ffc1f4b0000 - 0x00007ffc1fd19000 	C:\Windows\System32\SHELL32.dll
0x00007ffc1b160000 - 0x00007ffc1ba5f000 	C:\Windows\SYSTEM32\windows.storage.dll
0x00007ffc1b020000 - 0x00007ffc1b15f000 	C:\Windows\SYSTEM32\wintypes.dll
0x00007ffc1f090000 - 0x00007ffc1f189000 	C:\Windows\System32\SHCORE.dll
0x00007ffc1fd20000 - 0x00007ffc1fd7e000 	C:\Windows\System32\shlwapi.dll
0x00007ffc1d170000 - 0x00007ffc1d197000 	C:\Windows\SYSTEM32\profapi.dll
0x00007ffbbd0c0000 - 0x00007ffbbd240000 	C:\Program Files\Apache NetBeans\jdk\bin\awt.dll
0x00007ffc18c70000 - 0x00007ffc18d07000 	C:\Windows\SYSTEM32\apphelp.dll

JVMTI agents: none

dbghelp: loaded successfully - version: 4.0.5 - missing functions: none
symbol engine: initialized successfully - sym options: 0x614 - pdb path: .;C:\Program Files\Apache NetBeans\jdk\bin;C:\Windows\SYSTEM32;C:\Windows\WinSxS\amd64_microsoft.windows.common-controls_6595b64144ccf1df_6.0.22621.3672_none_2713b9d173822955;C:\Program Files\Apache NetBeans\jdk\bin\server

VM Arguments:
java_command: estga.lp.lp_trabalho2.LP_Trabalho2
java_class_path (initial): C:\Users\DELL\Desktop\Trabalhos\2Semestre\LaboratorioPrograma誽o\LP_Trabalho2\LP_Trabalho2\target\classes
Launcher Type: SUN_STANDARD

[Global flags]
     intx CICompilerCount                          = 3                                         {product} {ergonomic}
     uint ConcGCThreads                            = 1                                         {product} {ergonomic}
     uint G1ConcRefinementThreads                  = 4                                         {product} {ergonomic}
   size_t G1HeapRegionSize                         = 2097152                                   {product} {ergonomic}
   size_t InitialHeapSize                          = 268435456                                 {product} {ergonomic}
   size_t MarkStackSize                            = 4194304                                   {product} {ergonomic}
   size_t MarkStackSizeMax                         = 536870912                                 {product} {ergonomic}
   size_t MaxHeapSize                              = 4265607168                                {product} {ergonomic}
   size_t MaxNewSize                               = 2558525440                                {product} {ergonomic}
   size_t MinHeapDeltaBytes                        = 2097152                                   {product} {ergonomic}
   size_t MinHeapSize                              = 8388608                                   {product} {ergonomic}
    uintx NonNMethodCodeHeapSize                   = 5832704                                {pd product} {ergonomic}
    uintx NonProfiledCodeHeapSize                  = 122945536                              {pd product} {ergonomic}
     bool PerfDisableSharedMem                     = true                                      {product} {ergonomic}
    uintx ProfiledCodeHeapSize                     = 122880000                              {pd product} {ergonomic}
    uintx ReservedCodeCacheSize                    = 251658240                              {pd product} {ergonomic}
     bool SegmentedCodeCache                       = true                                      {product} {ergonomic}
   size_t SoftMaxHeapSize                          = 4265607168                             {manageable} {ergonomic}
     bool UseCompressedOops                        = true                           {product lp64_product} {ergonomic}
     bool UseG1GC                                  = true                                      {product} {ergonomic}
     bool UseLargePagesIndividualAllocation        = false                                  {pd product} {ergonomic}

Logging:
Log output configuration:
 #0: stdout all=warning uptime,level,tags foldmultilines=false
 #1: stderr all=off uptime,level,tags foldmultilines=false

Release file:
<release file has not been read>
Environment Variables:
JAVA_HOME=C:\Program Files\Apache NetBeans\jdk
PATH=C:\Program Files\Common Files\Oracle\Java\javapath;C:\Program Files (x86)\Common Files\Oracle\Java\java8path;C:\Program Files (x86)\Common Files\Oracle\Java\javapath;C:\Program Files\Eclipse Adoptium\jre-8.0.462.8-hotspot\bin;C:\Program Files\Eclipse Adoptium\jre-11.0.28.6-hotspot\bin;C:\Program Files\Eclipse Adoptium\jre-21.0.8.9-hotspot\bin;C:\Program Files\Eclipse Adoptium\jre-17.0.16.8-hotspot\bin;C:\Program Files (x86)\Eclipse Adoptium\jre-8.0.422.5-hotspot\bin;C:\Windows\system32;C:\Windows;C:\Windows\System32\Wbem;C:\Windows\System32\WindowsPowerShell\v1.0\;C:\Windows\System32\OpenSSH\;C:\Program Files (x86)\dotnet\;C:\Program Files\dotnet\;C:\mingw32\bin;C:\Program Files\Git\cmd;C:\Program Files\Tailscale\;C:\Program Files\WindowsPowerShell\Scripts;C:\Program Files\glzr.io\Zebar\;%MAVEN_HOME%\bin;;C:\ProgramData\chocolatey\bin;C:\Users\DELL\AppData\Local\Microsoft\WindowsApps;C:\Users\DELL\AppData\Local\Programs\Microsoft VS Code\bin;C:\msys64\mingw64\bin;C:\msys64\mingw64\;
USERNAME=DELL
OS=Windows_NT
PROCESSOR_IDENTIFIER=Intel64 Family 6 Model 142 Stepping 9, GenuineIntel
TMP=C:\Users\DELL\AppData\Local\Temp
TEMP=C:\Users\DELL\AppData\Local\Temp




Compilation memory statistics disabled.

Periodic native trim disabled

---------------  S Y S T E M  ---------------

OS:
 Windows 11 , 64 bit Build 22621 (10.0.22621.3958)
OS uptime: 6 days 23:21 hours
Hyper-V role detected

CPU: total 4 (initial active 4) (2 cores per cpu, 2 threads per core) family 6 model 142 stepping 9 microcode 0xf6, cx8, cmov, fxsr, ht, mmx, 3dnowpref, sse, sse2, sse3, ssse3, sse4.1, sse4.2, popcnt, lzcnt, tsc, tscinvbit, avx, avx2, aes, erms, clmul, bmi1, bmi2, rtm, adx, fma, vzeroupper, clflush, clflushopt, hv, rdtscp, f16c
Processor Information for the first 4 processors :
  Max Mhz: 2712, Current Mhz: 2611, Mhz Limit: 2603

Memory: 4k page, system-wide physical 16265M (811M free)
TotalPageFile size 16265M (AvailPageFile size 8M)
current process WorkingSet (physical memory assigned to process): 42M, peak: 42M
current process commit charge ("private bytes"): 337M, peak: 337M

vm_info: OpenJDK 64-Bit Server VM (25.0.1+8-LTS) for windows-amd64 JRE (25.0.1+8-LTS), built on 2025-10-21T00:00:00Z with unknown MS VC++:1942

END.
